SF:/src/core.js
DA:4,1
DA:46,1
DA:48,1
DA:51,1
DA:62,0
DA:69,1
DA:74,4
DA:76,4
DA:77,1
DA:80,3
DA:82,3
DA:83,1
DA:86,2
DA:87,2
DA:89,1
DA:93,2
DA:95,2
DA:104,0
DA:105,0
DA:106,0
DA:107,0
DA:108,0
DA:109,0
DA:111,0
DA:116,54
DA:117,54
DA:119,54
DA:120,102
DA:121,102
DA:122,94
DA:124,8
DA:127,46
DA:132,57
DA:134,57
DA:135,57
DA:137,57
DA:140,55
DA:142,57
DA:144,57
DA:149,19
DA:151,19
DA:153,19
DA:154,19
DA:157,15
DA:159,15
DA:160,13
DA:166,4
DA:169,19
DA:174,0
DA:175,0
DA:177,0
DA:179,0
DA:181,0
DA:182,0
DA:183,0
DA:186,0
DA:188,0
DA:190,0
DA:191,0
DA:192,0
DA:197,0
DA:201,0
DA:208,351
DA:209,10881
DA:210,10881
DA:211,10881
DA:218,0
DA:219,0
DA:220,0
DA:225,0
DA:248,0
DA:249,0
DA:250,0
DA:253,0
DA:254,0
DA:257,0
DA:260,0
DA:265,1
DA:267,1
DA:269,1
DA:276,1
DA:278,0
DA:280,0
DA:282,0
DA:283,0
DA:284,0
DA:286,0
DA:288,0
DA:292,1
DA:293,17
DA:302,1
DA:303,1
DA:305,1
DA:307,1
DA:318,1
DA:320,1
DA:326,0
DA:327,0
DA:329,0
DA:343,0
DA:344,0
DA:346,0
DA:348,0
DA:350,0
DA:352,0
DA:356,0
DA:358,0
DA:359,0
DA:360,0
DA:365,0
DA:366,0
DA:368,0
DA:373,2
DA:374,2
DA:376,2
DA:377,0
DA:380,0
DA:382,0
DA:383,0
DA:384,0
DA:385,0
DA:387,0
DA:388,0
DA:391,0
DA:396,5
DA:398,5
DA:399,5
DA:401,5
DA:402,5
DA:403,5
DA:404,5
DA:407,5
DA:414,5
DA:415,5
DA:417,5
DA:418,5
DA:420,5
DA:422,5
DA:425,5
DA:426,5
DA:427,5
DA:428,5
DA:429,5
DA:431,5
DA:433,165
DA:435,165
DA:437,165
DA:440,38
DA:442,38
DA:444,20
DA:447,20
DA:452,127
DA:454,115
DA:456,115
DA:458,115
DA:461,87
DA:463,8
DA:466,1
DA:468,1
DA:475,7
DA:478,7
DA:480,7
DA:481,7
DA:483,7
DA:487,79
DA:488,79
DA:494,28
DA:497,28
DA:499,28
DA:502,7
DA:506,107
DA:508,107
DA:511,12
DA:512,12
DA:517,50
DA:519,1
DA:521,1
DA:524,1
DA:525,0
DA:527,1
DA:530,0
DA:531,0
DA:532,0
DA:536,0
DA:539,0
DA:541,0
DA:546,4
DA:549,0
DA:554,4
DA:557,4
DA:562,0
DA:572,0
DA:573,0
DA:578,0
DA:580,0
DA:582,0
DA:584,0
DA:585,0
DA:586,0
DA:589,0
DA:590,0
DA:593,0
DA:595,0
DA:600,0
DA:602,0
DA:603,0
DA:604,0
DA:605,0
DA:606,0
DA:608,0
DA:612,0
DA:614,0
DA:616,0
DA:617,0
DA:620,0
DA:621,0
DA:622,0
DA:624,0
DA:628,0
DA:630,0
DA:631,0
DA:632,0
DA:635,0
DA:637,0
DA:638,0
DA:639,0
DA:641,0
DA:645,0
DA:650,8
DA:651,8
DA:652,2
DA:655,6
DA:656,6
DA:657,6
DA:659,6
DA:660,6
DA:663,6
DA:665,2
DA:666,2
DA:670,2
DA:671,2
DA:674,6
DA:687,0
DA:688,0
DA:690,0
DA:691,0
DA:695,0
DA:697,0
DA:699,0
DA:700,0
DA:704,0
DA:706,0
DA:710,0
DA:711,0
DA:719,0
DA:721,0
DA:722,0
DA:725,0
DA:726,0
DA:727,0
DA:729,0
DA:741,3
DA:742,2
DA:743,2
DA:746,1
DA:757,17
DA:761,0
DA:765,0
DA:769,0
DA:770,0
DA:771,0
DA:772,0
DA:773,0
DA:777,0
DA:781,0
DA:782,0
DA:783,0
DA:784,0
DA:790,0
DA:791,0
DA:796,0
DA:797,0
DA:802,0
DA:803,0
DA:804,0
DA:805,0
DA:806,0
DA:811,0
DA:812,0
DA:813,0
DA:818,0
DA:819,0
DA:820,0
DA:828,1
DA:829,6
DA:833,1
DA:834,1
DA:835,5
DA:836,5
DA:837,5
DA:838,10
DA:839,10
DA:841,5
DA:847,1
DA:848,1
DA:849,1
DA:850,1
DA:851,1
DA:852,1
DA:853,1
DA:854,1
DA:856,1
DA:858,5
DA:859,5
DA:860,5
DA:862,5
DA:868,1
DA:869,1
DA:870,1
DA:871,1
DA:872,1
DA:873,1
DA:874,1
DA:875,1
DA:877,1
DA:878,5
DA:892,0
DA:894,0
DA:895,0
DA:897,0
DA:911,0
DA:913,0
DA:925,0
DA:927,0
DA:939,0
DA:943,0
DA:955,0
DA:957,0
DA:972,0
DA:974,0
DA:990,0
DA:992,0
DA:1000,0
DA:1008,0
DA:1010,0
DA:1019,0
DA:1027,0
DA:1029,0
DA:1043,14
DA:1053,14
DA:1055,14
DA:1056,14
DA:1057,14
DA:1058,14
DA:1059,14
DA:1060,14
DA:1061,14
DA:1062,14
DA:1063,14
DA:1064,14
DA:1065,14
DA:1066,14
DA:1067,14
DA:1068,14
DA:1070,17
DA:1072,14
DA:1073,3
DA:1074,3
DA:1075,3
DA:1078,14
DA:1080,0
DA:1081,0
DA:1083,3
DA:1084,1
DA:1086,0
DA:1087,0
DA:1092,3
DA:1093,3
DA:1096,2
DA:1097,1
DA:1099,0
DA:1100,0
DA:1103,14
DA:1104,0
DA:1105,0
DA:1109,14
DA:1112,14
DA:1113,4
DA:1114,7
DA:1117,14
DA:1120,14
DA:1123,14
DA:1125,14
DA:1129,14
DA:1130,0
DA:1131,0
DA:1132,0
DA:1134,14
DA:1138,14
DA:1141,14
DA:1142,14
DA:1143,14
DA:1145,14
DA:1147,1
DA:1148,1
DA:1149,1
DA:1150,1
DA:1151,1
DA:1152,4
DA:1153,4
DA:1155,1
DA:1159,14
DA:1161,1
DA:1164,14
DA:1165,14
DA:1168,14
DA:1171,14
DA:1174,14
DA:1176,14
DA:1186,0
DA:1187,0
DA:1188,0
DA:1189,0
DA:1191,0
DA:1193,0
DA:1195,0
DA:1197,0
DA:1198,0
DA:1199,0
DA:1200,0
DA:1202,0
DA:1203,0
DA:1205,0
DA:1206,0
DA:1209,0
DA:1211,0
DA:1212,0
DA:1214,0
DA:1216,0
DA:1221,14
DA:1222,0
DA:1223,0
DA:1224,0
DA:1225,1
DA:1226,2
DA:1227,0
DA:1228,0
DA:1229,3
DA:1230,0
DA:1231,8
DA:1237,0
DA:1244,0
DA:1249,0
DA:1250,0
DA:1251,0
DA:1252,0
DA:1257,0
DA:1258,0
DA:1259,0
DA:1260,0
DA:1261,0
DA:1262,0
DA:1264,0
DA:1277,3
DA:1279,3
DA:1281,3
DA:1283,3
DA:1285,1
DA:1286,0
DA:1287,0
DA:1290,0
DA:1291,0
DA:1293,0
DA:1294,0
DA:1297,0
DA:1307,0
DA:1309,0
DA:1311,0
DA:1312,0
DA:1313,0
DA:1314,0
DA:1315,0
DA:1316,0
DA:1321,0
DA:1322,0
DA:1325,0
DA:1332,21
DA:1334,5
DA:1336,6
DA:1337,6
DA:1340,6
DA:1347,14
DA:1349,4
DA:1351,6
DA:1352,4
DA:1355,6
DA:1362,3
DA:1364,2
DA:1365,0
DA:1368,2
DA:1371,3
DA:1372,0
DA:1375,3
DA:1376,6
DA:1393,8
DA:1395,91
DA:1396,0
DA:1397,0
DA:1398,0
DA:1400,0
DA:1402,0
DA:1403,0
DA:1404,0
DA:1405,0
DA:1409,0
DA:1410,0
DA:1413,0
DA:1448,0
DA:1449,0
DA:1453,8
DA:1457,57
DA:1458,57
DA:1462,233
DA:1463,233
end_of_record
SF:/src/joint.mvc.view.js
DA:2,1
DA:12,3
DA:17,3
DA:19,3
DA:21,3
DA:23,3
DA:25,3
DA:26,3
DA:27,3
DA:33,3
DA:35,3
DA:37,0
DA:39,0
DA:40,0
DA:41,0
DA:45,0
DA:48,0
DA:52,3
DA:62,3
DA:64,0
DA:65,0
DA:66,0
DA:70,3
DA:78,3
DA:79,3
DA:81,3
DA:82,3
DA:97,5
DA:101,5
DA:102,0
DA:105,5
DA:106,5
DA:107,5
DA:108,5
DA:110,5
DA:115,5
DA:117,5
DA:119,5
DA:121,5
DA:126,5
DA:128,5
DA:130,5
DA:132,5
DA:142,0
DA:144,0
DA:146,0
DA:148,0
DA:158,0
DA:165,12
DA:169,0
DA:170,0
DA:173,0
DA:180,0
DA:182,0
DA:184,0
DA:188,0
DA:191,0
DA:194,0
end_of_record
SF:/src/joint.dia.cell.js
DA:5,1
DA:11,479
DA:12,479
DA:13,479
DA:14,479
DA:15,483
DA:16,479
DA:17,479
DA:20,461
DA:23,479
DA:24,479
DA:25,479
DA:30,0
DA:35,0
DA:36,0
DA:37,0
DA:41,0
DA:43,0
DA:45,0
DA:49,0
DA:51,0
DA:53,0
DA:55,0
DA:56,0
DA:60,0
DA:64,0
DA:65,0
DA:70,0
DA:72,0
DA:74,0
DA:79,479
DA:81,284
DA:84,479
DA:87,479
DA:88,479
DA:101,482
DA:104,482
DA:105,482
DA:107,988
DA:110,0
DA:111,0
DA:113,0
DA:120,482
DA:121,482
DA:123,0
DA:127,482
DA:129,0
DA:130,0
DA:132,0
DA:135,0
DA:136,0
DA:138,0
DA:143,482
DA:148,29
DA:151,29
DA:152,29
DA:153,27
DA:157,29
DA:158,29
DA:160,3
DA:161,3
DA:164,29
DA:166,29
DA:168,29
DA:169,27
DA:172,29
DA:177,0
DA:179,0
DA:181,0
DA:183,0
DA:185,0
DA:187,0
DA:188,0
DA:192,0
DA:195,0
DA:200,0
DA:202,0
DA:204,0
DA:206,0
DA:208,0
DA:210,0
DA:211,0
DA:214,0
DA:217,0
DA:222,26
DA:224,0
DA:228,26
DA:230,26
DA:233,26
DA:235,26
DA:236,26
DA:238,26
DA:241,26
DA:246,3
DA:248,3
DA:249,3
DA:251,3
DA:253,3
DA:261,0
DA:262,0
DA:264,0
DA:265,0
DA:268,0
DA:269,0
DA:270,0
DA:271,0
DA:272,0
DA:274,0
DA:278,0
DA:283,119
DA:289,119
DA:291,99
DA:293,99
DA:295,26
DA:298,8
DA:299,8
DA:301,8
DA:303,4
DA:304,4
DA:305,4
DA:311,18
DA:312,18
DA:313,13
DA:319,73
DA:322,99
DA:324,20
DA:329,26
DA:330,26
DA:332,26
DA:335,26
DA:337,8
DA:338,6
DA:339,0
DA:341,6
DA:344,8
DA:350,18
DA:357,0
DA:365,67
DA:367,67
DA:370,67
DA:372,67
DA:374,67
DA:377,67
DA:379,67
DA:385,0
DA:402,49
DA:403,49
DA:405,49
DA:409,48
DA:411,31
DA:412,31
DA:414,31
DA:415,26
DA:416,26
DA:418,5
DA:419,5
DA:422,31
DA:423,31
DA:425,31
DA:426,31
DA:427,31
DA:428,31
DA:430,31
DA:432,16
DA:435,15
DA:440,15
DA:441,15
DA:443,15
DA:444,15
DA:445,15
DA:446,0
DA:447,0
DA:451,0
DA:453,0
DA:456,0
DA:459,0
DA:461,0
DA:465,17
DA:469,1
DA:478,10
DA:479,10
DA:481,10
DA:483,10
DA:485,3
DA:489,7
DA:490,7
DA:491,7
DA:493,7
DA:495,7
DA:501,4
DA:502,0
DA:503,0
DA:506,0
DA:507,0
DA:508,0
DA:511,0
DA:515,0
DA:518,0
DA:524,3
DA:526,2
DA:529,1
DA:534,3
DA:536,3
DA:543,3
DA:545,3
DA:546,3
DA:548,3
DA:550,17
DA:552,17
DA:553,17
DA:554,17
DA:556,17
DA:557,14
DA:559,3
DA:560,3
DA:563,17
DA:565,17
DA:567,17
DA:569,16
DA:573,3
DA:575,3
DA:577,3
DA:579,3
DA:581,3
DA:585,3
DA:589,0
DA:594,3
DA:596,3
DA:598,3
DA:600,0
DA:604,0
DA:606,0
DA:608,0
DA:612,3
DA:619,90
DA:620,90
DA:628,3
DA:633,2
DA:638,219
DA:642,140
DA:643,86
DA:647,140
DA:648,86
DA:655,0
DA:656,0
DA:657,0
DA:662,48
DA:666,48
DA:667,48
DA:668,48
DA:677,1
DA:685,0
DA:686,0
DA:688,0
DA:690,0
DA:691,0
DA:695,0
DA:700,0
DA:709,0
DA:711,0
DA:716,0
DA:719,0
DA:722,0
DA:724,0
DA:729,0
DA:733,0
DA:736,0
DA:743,0
DA:747,0
DA:753,0
DA:756,0
DA:761,0
DA:763,0
DA:766,0
DA:769,0
DA:780,0
DA:782,0
DA:783,0
DA:785,0
DA:786,0
DA:788,0
DA:792,0
DA:795,0
DA:797,0
DA:802,0
DA:807,0
DA:810,0
DA:811,0
DA:813,0
DA:814,0
DA:819,0
DA:821,0
DA:822,0
DA:824,0
DA:825,0
DA:832,0
DA:833,0
DA:835,0
DA:836,0
DA:839,0
DA:841,0
DA:842,0
DA:843,0
DA:846,0
DA:854,0
DA:862,0
DA:863,0
DA:866,0
DA:868,0
DA:870,0
DA:871,0
DA:873,0
DA:874,0
DA:877,0
DA:880,0
DA:885,0
DA:890,0
DA:891,0
DA:892,0
DA:894,0
DA:901,0
DA:902,0
DA:903,0
DA:905,0
DA:906,0
DA:907,0
DA:908,0
DA:909,0
DA:910,0
DA:911,0
DA:912,0
DA:914,0
DA:915,0
DA:918,0
DA:919,0
DA:925,0
DA:926,0
DA:927,0
DA:928,0
DA:929,0
DA:930,0
DA:931,0
DA:933,0
DA:934,0
DA:935,0
DA:937,0
DA:938,0
DA:939,0
DA:943,0
DA:954,0
DA:956,0
DA:957,0
DA:958,0
DA:959,0
DA:960,0
DA:961,0
DA:963,0
DA:964,0
DA:965,0
DA:969,0
DA:970,0
DA:971,0
DA:972,0
DA:973,0
DA:977,0
DA:981,0
DA:982,0
DA:986,0
DA:987,0
DA:988,0
DA:989,0
DA:990,0
DA:991,0
DA:996,0
DA:997,0
DA:998,0
DA:999,0
DA:1000,0
DA:1003,0
DA:1004,0
DA:1005,0
DA:1006,0
DA:1011,0
DA:1012,0
DA:1013,0
DA:1014,0
DA:1020,0
DA:1022,0
DA:1023,0
DA:1025,0
DA:1026,0
DA:1027,0
DA:1028,0
DA:1029,0
DA:1030,0
DA:1034,0
DA:1035,0
DA:1036,0
DA:1037,0
DA:1044,0
DA:1046,0
DA:1047,0
DA:1048,0
DA:1049,0
DA:1056,0
DA:1057,0
DA:1058,0
DA:1059,0
DA:1060,0
DA:1062,0
DA:1063,0
DA:1066,0
DA:1073,0
DA:1075,0
DA:1076,0
DA:1077,0
DA:1079,0
DA:1080,0
DA:1081,0
DA:1082,0
DA:1083,0
DA:1084,0
DA:1085,0
DA:1086,0
DA:1087,0
DA:1089,0
DA:1091,0
DA:1100,0
DA:1107,0
DA:1108,0
DA:1115,0
DA:1116,0
DA:1117,0
DA:1118,0
DA:1120,0
DA:1121,0
DA:1124,0
DA:1128,0
DA:1129,0
DA:1130,0
DA:1131,0
DA:1132,0
DA:1134,0
DA:1136,0
DA:1140,0
DA:1141,0
DA:1145,0
DA:1146,0
DA:1147,0
DA:1148,0
DA:1149,0
DA:1152,0
DA:1155,0
DA:1164,0
DA:1165,0
DA:1168,0
DA:1169,0
DA:1171,0
DA:1176,0
DA:1177,0
DA:1178,0
DA:1179,0
DA:1183,0
DA:1184,0
DA:1185,0
DA:1189,0
DA:1194,0
DA:1198,0
DA:1199,0
DA:1202,0
DA:1205,0
DA:1211,0
DA:1212,0
DA:1213,0
DA:1215,0
DA:1216,0
DA:1217,0
DA:1220,0
DA:1221,0
DA:1222,0
DA:1224,0
DA:1239,0
DA:1244,0
DA:1249,0
DA:1250,0
DA:1251,0
DA:1254,0
DA:1259,0
DA:1264,0
DA:1266,0
DA:1269,0
DA:1270,0
DA:1276,0
DA:1281,0
DA:1286,0
DA:1291,0
DA:1296,0
DA:1301,0
DA:1306,0
end_of_record
SF:/src/joint.dia.element.js
DA:4,1
DA:14,339
DA:15,339
DA:27,1
DA:32,49
DA:34,49
DA:37,49
DA:41,0
DA:43,0
DA:44,0
DA:49,49
DA:51,49
DA:52,0
DA:53,0
DA:56,49
DA:57,0
DA:58,0
DA:60,49
DA:63,49
DA:67,0
DA:69,0
DA:77,34
DA:78,34
DA:80,34
DA:82,0
DA:85,34
DA:87,34
DA:89,34
DA:91,34
DA:96,8
DA:97,8
DA:109,8
DA:110,8
DA:113,8
DA:114,8
DA:116,8
DA:117,8
DA:120,34
DA:126,34
DA:127,34
DA:129,34
DA:131,0
DA:133,0
DA:139,34
DA:143,34
DA:145,34
DA:150,14
DA:153,14
DA:154,6
DA:161,8
DA:162,4
DA:163,4
DA:164,4
DA:167,8
DA:172,37
DA:174,37
DA:176,37
DA:178,4
DA:180,4
DA:185,1
DA:186,1
DA:191,1
DA:192,1
DA:196,4
DA:198,4
DA:209,4
DA:212,0
DA:213,0
DA:217,4
DA:221,4
DA:225,4
DA:233,4
DA:245,4
DA:250,4
DA:253,4
DA:257,4
DA:262,4
DA:265,4
DA:268,4
DA:273,33
DA:276,37
DA:278,37
DA:283,20
DA:284,20
DA:285,20
DA:286,20
DA:287,20
DA:288,20
DA:293,1
DA:297,2
DA:299,0
DA:301,0
DA:303,0
DA:305,0
DA:307,0
DA:312,0
DA:313,0
DA:316,0
DA:324,0
DA:329,0
DA:332,0
DA:341,5
DA:343,0
DA:344,0
DA:345,0
DA:346,0
DA:347,0
DA:348,0
DA:349,0
DA:350,0
DA:351,0
DA:352,0
DA:356,5
DA:359,5
DA:364,93
DA:366,93
DA:370,8
DA:372,8
DA:374,8
DA:377,85
DA:378,85
DA:380,85
DA:388,1
DA:407,0
DA:409,0
DA:411,0
DA:416,0
DA:418,0
DA:420,0
DA:421,0
DA:422,0
DA:423,0
DA:425,0
DA:437,0
DA:439,0
DA:440,0
DA:441,0
DA:449,0
DA:456,0
DA:458,0
DA:460,0
DA:461,0
DA:463,0
DA:467,0
DA:473,0
DA:475,0
DA:476,0
DA:477,0
DA:478,0
DA:481,0
DA:483,0
DA:484,0
DA:485,0
DA:487,0
DA:492,0
DA:493,0
DA:494,0
DA:496,0
DA:497,0
DA:499,0
DA:501,0
DA:504,0
DA:507,0
DA:513,0
DA:514,0
DA:517,0
DA:519,0
DA:523,0
DA:524,0
DA:525,0
DA:536,0
DA:537,0
DA:538,0
DA:540,0
DA:541,0
DA:544,0
DA:545,0
DA:550,0
DA:555,0
DA:557,0
DA:562,0
DA:563,0
DA:565,0
DA:568,0
DA:569,0
DA:571,0
DA:572,0
DA:574,0
DA:575,0
DA:577,0
DA:583,0
DA:584,0
DA:585,0
DA:588,0
DA:596,0
DA:598,0
DA:599,0
DA:600,0
DA:602,0
DA:605,0
DA:609,0
DA:610,0
DA:615,0
DA:617,0
DA:620,0
DA:621,0
DA:626,0
DA:628,0
DA:629,0
DA:631,0
DA:632,0
DA:634,0
DA:636,0
DA:639,0
DA:640,0
DA:643,0
DA:645,0
DA:647,0
DA:650,0
DA:651,0
DA:655,0
DA:656,0
DA:659,0
DA:660,0
DA:665,0
DA:667,0
DA:668,0
DA:671,0
DA:673,0
DA:679,0
DA:680,0
DA:682,0
DA:683,0
DA:689,0
DA:691,0
DA:692,0
DA:693,0
DA:695,0
DA:698,0
DA:699,0
DA:701,0
DA:704,0
DA:712,0
DA:714,0
DA:720,0
DA:722,0
DA:724,0
DA:733,0
DA:735,0
DA:737,0
DA:738,0
DA:742,0
DA:743,0
DA:745,0
DA:747,0
DA:748,0
DA:754,0
DA:757,0
DA:761,0
DA:763,0
DA:765,0
DA:769,0
DA:770,0
DA:772,0
DA:774,0
DA:776,0
DA:780,0
DA:781,0
DA:784,0
DA:788,0
DA:789,0
DA:791,0
DA:792,0
DA:798,0
DA:801,0
DA:802,0
DA:803,0
DA:807,0
DA:808,0
DA:809,0
DA:812,0
DA:813,0
DA:819,0
DA:820,0
DA:825,0
DA:826,0
end_of_record
SF:/src/joint.dia.link.js
DA:5,1
DA:69,103
DA:74,1
DA:80,0
DA:83,0
DA:84,0
DA:87,0
DA:93,0
DA:94,0
DA:95,0
DA:96,0
DA:98,0
DA:99,0
DA:105,14
DA:106,15
DA:112,20
DA:113,1
DA:116,19
DA:118,19
DA:119,19
DA:120,6
DA:123,19
DA:124,19
DA:125,6
DA:128,19
DA:129,19
DA:130,11
DA:133,19
DA:138,0
DA:140,0
DA:142,0
DA:143,0
DA:144,0
DA:146,0
DA:147,0
DA:150,0
DA:153,0
DA:156,0
DA:157,0
DA:161,0
DA:166,3
DA:168,3
DA:169,3
DA:171,3
DA:173,2
DA:176,1
DA:181,1
DA:183,0
DA:184,0
DA:186,0
DA:189,1
DA:194,3
DA:196,3
DA:201,3
DA:203,3
DA:210,0
DA:212,0
DA:214,0
DA:219,0
DA:222,0
DA:225,0
DA:231,0
DA:232,0
DA:234,0
DA:240,4
DA:241,4
DA:249,1
DA:253,0
DA:255,0
DA:257,0
DA:274,0
DA:278,0
DA:279,0
DA:280,0
DA:286,0
DA:289,0
DA:292,0
DA:297,0
DA:299,0
DA:300,0
DA:301,0
DA:302,0
DA:303,0
DA:304,0
DA:305,0
DA:311,0
DA:317,0
DA:318,0
DA:319,0
DA:326,0
DA:328,0
DA:329,0
DA:330,0
DA:336,0
DA:342,0
DA:345,0
DA:346,0
DA:352,0
DA:357,0
DA:361,0
DA:363,0
DA:364,0
DA:365,0
DA:367,0
DA:370,0
DA:371,0
DA:373,0
DA:378,0
DA:379,0
DA:381,0
DA:384,0
DA:392,0
DA:399,0
DA:400,0
DA:401,0
DA:404,0
DA:407,0
DA:408,0
DA:410,0
DA:412,0
DA:414,0
DA:415,0
DA:421,0
DA:424,0
DA:425,0
DA:426,0
DA:428,0
DA:432,0
DA:435,0
DA:439,0
DA:444,0
DA:445,0
DA:446,0
DA:449,0
DA:451,0
DA:452,0
DA:453,0
DA:454,0
DA:455,0
DA:456,0
DA:459,0
DA:463,0
DA:465,0
DA:467,0
DA:468,0
DA:470,0
DA:474,0
DA:480,0
DA:482,0
DA:487,0
DA:488,0
DA:491,0
DA:492,0
DA:494,0
DA:496,0
DA:497,0
DA:499,0
DA:501,0
DA:502,0
DA:504,0
DA:524,0
DA:529,0
DA:534,0
DA:541,0
DA:542,0
DA:543,0
DA:545,0
DA:548,0
DA:552,0
DA:554,0
DA:555,0
DA:556,0
DA:557,0
DA:559,0
DA:562,0
DA:563,0
DA:566,0
DA:571,0
DA:573,0
DA:578,0
DA:580,0
DA:582,0
DA:585,0
DA:591,0
DA:593,0
DA:595,0
DA:600,0
DA:602,0
DA:603,0
DA:605,0
DA:607,0
DA:616,0
DA:618,0
DA:620,0
DA:624,0
DA:625,0
DA:626,0
DA:627,0
DA:632,0
DA:634,0
DA:636,0
DA:641,0
DA:643,0
DA:644,0
DA:646,0
DA:650,0
DA:651,0
DA:653,0
DA:655,0
DA:659,0
DA:663,0
DA:665,0
DA:668,0
DA:671,0
DA:672,0
DA:674,0
DA:680,0
DA:681,0
DA:683,0
DA:685,0
DA:689,0
DA:691,0
DA:700,0
DA:702,0
DA:704,0
DA:706,0
DA:712,0
DA:714,0
DA:716,0
DA:723,0
DA:724,0
DA:727,0
DA:728,0
DA:733,0
DA:735,0
DA:736,0
DA:737,0
DA:738,0
DA:743,0
DA:748,0
DA:749,0
DA:751,0
DA:752,0
DA:753,0
DA:757,0
DA:758,0
DA:761,0
DA:763,0
DA:764,0
DA:765,0
DA:766,0
DA:768,0
DA:769,0
DA:771,0
DA:772,0
DA:773,0
DA:774,0
DA:776,0
DA:779,0
DA:781,0
DA:784,0
DA:786,0
DA:788,0
DA:789,0
DA:796,0
DA:797,0
DA:798,0
DA:799,0
DA:800,0
DA:801,0
DA:802,0
DA:803,0
DA:806,0
DA:807,0
DA:812,0
DA:813,0
DA:814,0
DA:815,0
DA:816,0
DA:818,0
DA:821,0
DA:824,0
DA:830,0
DA:837,0
DA:838,0
DA:839,0
DA:843,0
DA:846,0
DA:847,0
DA:848,0
DA:851,0
DA:853,0
DA:855,0
DA:857,0
DA:859,0
DA:860,0
DA:861,0
DA:863,0
DA:865,0
DA:869,0
DA:875,0
DA:878,0
DA:880,0
DA:881,0
DA:882,0
DA:884,0
DA:886,0
DA:894,0
DA:895,0
DA:898,0
DA:900,0
DA:902,0
DA:903,0
DA:905,0
DA:906,0
DA:909,0
DA:911,0
DA:912,0
DA:915,0
DA:917,0
DA:920,0
DA:925,0
DA:926,0
DA:927,0
DA:929,0
DA:931,0
DA:932,0
DA:933,0
DA:934,0
DA:940,0
DA:945,0
DA:946,0
DA:947,0
DA:949,0
DA:955,0
DA:956,0
DA:957,0
DA:963,0
DA:964,0
DA:966,0
DA:967,0
DA:968,0
DA:971,0
DA:979,0
DA:982,0
DA:987,0
DA:992,0
DA:997,0
DA:1000,0
DA:1008,0
DA:1009,0
DA:1016,0
DA:1017,0
DA:1020,0
DA:1021,0
DA:1022,0
DA:1030,0
DA:1031,0
DA:1032,0
DA:1039,0
DA:1040,0
DA:1050,0
DA:1052,0
DA:1054,0
DA:1055,0
DA:1058,0
DA:1073,0
DA:1075,0
DA:1078,0
DA:1081,0
DA:1083,0
DA:1086,0
DA:1088,0
DA:1093,0
DA:1095,0
DA:1096,0
DA:1098,0
DA:1101,0
DA:1105,0
DA:1109,0
DA:1113,0
DA:1115,0
DA:1116,0
DA:1119,0
DA:1121,0
DA:1131,0
DA:1132,0
DA:1133,0
DA:1134,0
DA:1135,0
DA:1140,0
DA:1141,0
DA:1142,0
DA:1143,0
DA:1146,0
DA:1147,0
DA:1150,0
DA:1152,0
DA:1159,0
DA:1160,0
DA:1161,0
DA:1164,0
DA:1165,0
DA:1167,0
DA:1171,0
DA:1176,0
DA:1177,0
DA:1178,0
DA:1180,0
DA:1182,0
DA:1184,0
DA:1185,0
DA:1186,0
DA:1188,0
DA:1192,0
DA:1193,0
DA:1195,0
DA:1196,0
DA:1199,0
DA:1201,0
DA:1208,0
DA:1209,0
DA:1210,0
DA:1212,0
DA:1215,0
DA:1216,0
DA:1218,0
DA:1222,0
DA:1223,0
DA:1225,0
DA:1226,0
DA:1229,0
DA:1238,0
DA:1247,0
DA:1252,0
DA:1253,0
DA:1255,0
DA:1258,0
DA:1268,0
DA:1270,0
DA:1272,0
DA:1275,0
DA:1283,0
DA:1285,0
DA:1286,0
DA:1289,0
DA:1293,0
DA:1295,0
DA:1296,0
DA:1297,0
DA:1299,0
DA:1301,0
DA:1302,0
DA:1304,0
DA:1305,0
DA:1307,0
DA:1308,0
DA:1310,0
DA:1311,0
DA:1314,0
DA:1316,0
DA:1317,0
DA:1319,0
DA:1320,0
DA:1322,0
DA:1323,0
DA:1325,0
DA:1326,0
DA:1334,0
DA:1335,0
DA:1338,0
DA:1340,0
DA:1341,0
DA:1343,0
DA:1347,0
DA:1348,0
DA:1352,0
DA:1360,0
DA:1365,0
DA:1373,0
DA:1374,0
DA:1378,0
DA:1380,0
DA:1381,0
DA:1387,0
DA:1388,0
DA:1389,0
DA:1395,0
DA:1397,0
DA:1398,0
DA:1405,0
DA:1407,0
DA:1408,0
DA:1410,0
DA:1411,0
DA:1412,0
DA:1414,0
DA:1415,0
DA:1416,0
DA:1418,0
DA:1419,0
DA:1422,0
DA:1424,0
DA:1425,0
DA:1426,0
DA:1429,0
DA:1430,0
DA:1431,0
DA:1432,0
DA:1435,0
DA:1440,0
DA:1441,0
DA:1442,0
DA:1443,0
DA:1446,0
DA:1447,0
DA:1448,0
DA:1450,0
DA:1451,0
DA:1453,0
DA:1454,0
DA:1457,0
DA:1458,0
DA:1460,0
DA:1463,0
DA:1465,0
DA:1467,0
DA:1468,0
DA:1471,0
DA:1473,0
DA:1480,0
DA:1481,0
DA:1482,0
DA:1484,0
DA:1485,0
DA:1486,0
DA:1488,0
DA:1489,0
DA:1490,0
DA:1491,0
DA:1493,0
DA:1497,0
DA:1502,0
DA:1505,0
DA:1506,0
DA:1507,0
DA:1508,0
DA:1509,0
DA:1510,0
DA:1511,0
DA:1516,0
DA:1517,0
DA:1519,0
DA:1520,0
DA:1523,0
DA:1525,0
DA:1526,0
DA:1527,0
DA:1528,0
DA:1529,0
DA:1530,0
DA:1532,0
DA:1535,0
DA:1538,0
DA:1539,0
DA:1540,0
DA:1542,0
DA:1546,0
DA:1547,0
DA:1549,0
DA:1552,0
DA:1553,0
DA:1555,0
DA:1558,0
DA:1559,0
DA:1560,0
DA:1563,0
DA:1564,0
DA:1566,0
DA:1570,0
DA:1571,0
DA:1572,0
DA:1574,0
DA:1575,0
DA:1577,0
DA:1581,0
DA:1585,0
DA:1586,0
DA:1594,0
DA:1598,0
DA:1599,0
DA:1600,0
DA:1601,0
DA:1605,0
DA:1606,0
DA:1607,0
DA:1608,0
DA:1609,0
DA:1610,0
DA:1611,0
DA:1612,0
DA:1613,0
DA:1614,0
DA:1615,0
DA:1616,0
DA:1617,0
DA:1618,0
DA:1621,0
DA:1622,0
DA:1623,0
DA:1624,0
DA:1625,0
DA:1626,0
DA:1627,0
DA:1628,0
DA:1629,0
DA:1632,0
DA:1638,0
DA:1642,0
DA:1646,0
DA:1647,0
DA:1649,0
DA:1650,0
DA:1655,0
DA:1657,0
DA:1658,0
DA:1659,0
DA:1661,0
DA:1664,0
DA:1667,0
DA:1670,0
DA:1672,0
DA:1675,0
DA:1676,0
DA:1677,0
DA:1682,0
DA:1684,0
DA:1686,0
DA:1691,0
DA:1693,0
DA:1696,0
DA:1697,0
DA:1698,0
DA:1710,0
DA:1711,0
DA:1717,0
DA:1725,0
DA:1729,0
DA:1731,0
DA:1732,0
DA:1737,0
DA:1738,0
DA:1741,0
DA:1743,0
DA:1750,0
DA:1751,0
DA:1757,0
DA:1761,0
DA:1765,0
DA:1767,0
DA:1769,0
DA:1772,0
DA:1773,0
DA:1775,0
DA:1776,0
DA:1781,0
DA:1783,0
DA:1785,0
DA:1787,0
DA:1788,0
DA:1789,0
DA:1790,0
DA:1791,0
DA:1792,0
DA:1794,0
DA:1798,0
DA:1799,0
DA:1804,0
DA:1807,0
DA:1811,0
DA:1812,0
DA:1814,0
DA:1815,0
DA:1817,0
DA:1819,0
DA:1824,0
DA:1825,0
DA:1826,0
DA:1827,0
DA:1828,0
DA:1829,0
DA:1834,0
DA:1836,0
DA:1839,0
DA:1840,0
DA:1844,0
DA:1845,0
DA:1851,0
DA:1853,0
DA:1856,0
DA:1857,0
DA:1858,0
DA:1860,0
DA:1861,0
DA:1863,0
DA:1864,0
DA:1869,0
DA:1872,0
DA:1873,0
DA:1874,0
DA:1875,0
DA:1876,0
DA:1878,0
DA:1879,0
DA:1884,0
DA:1885,0
DA:1890,0
DA:1891,0
DA:1898,0
DA:1901,0
DA:1902,0
DA:1903,0
DA:1904,0
DA:1907,0
end_of_record
SF:/src/joint.dia.graph.js
DA:2,1
DA:9,209
DA:10,1
DA:13,209
DA:18,4
DA:19,4
DA:22,4
DA:26,4
DA:29,4
DA:31,4
DA:37,774
DA:42,1
DA:48,209
DA:53,209
DA:58,209
DA:62,209
DA:66,209
DA:67,209
DA:78,209
DA:81,209
DA:85,209
DA:89,209
DA:91,209
DA:92,209
DA:93,209
DA:94,209
DA:95,209
DA:96,209
DA:101,0
DA:102,0
DA:108,82
DA:109,82
DA:110,0
DA:116,153
DA:117,51
DA:118,51
DA:119,51
DA:120,51
DA:121,45
DA:123,51
DA:124,44
DA:127,102
DA:133,27
DA:134,13
DA:135,13
DA:136,13
DA:137,13
DA:138,12
DA:140,13
DA:141,12
DA:144,14
DA:151,0
DA:153,0
DA:154,0
DA:155,0
DA:156,0
DA:158,0
DA:163,2
DA:164,2
DA:165,1
DA:167,2
DA:168,2
DA:169,1
DA:175,2
DA:176,2
DA:177,1
DA:179,2
DA:180,2
DA:181,1
DA:189,26
DA:196,28
DA:203,1
DA:204,1
DA:205,1
DA:210,4
DA:212,0
DA:215,4
DA:220,214
DA:223,214
DA:224,214
DA:225,214
DA:227,0
DA:231,214
DA:232,5
DA:233,0
DA:237,209
DA:242,1
DA:244,1
DA:246,1
DA:248,1
DA:251,1
DA:252,23
DA:255,1
DA:261,23
DA:265,1
DA:267,1
DA:272,155
DA:273,155
DA:274,151
DA:275,151
DA:278,149
DA:284,4
DA:287,155
DA:288,0
DA:291,155
DA:296,148
DA:297,148
DA:302,164
DA:304,9
DA:307,155
DA:309,151
DA:310,144
DA:313,4
DA:315,4
DA:318,155
DA:320,155
DA:325,0
DA:327,0
DA:328,0
DA:330,0
DA:331,0
DA:332,0
DA:333,0
DA:335,0
DA:338,0
DA:346,0
DA:347,0
DA:349,0
DA:351,0
DA:356,0
DA:358,0
DA:359,0
DA:360,0
DA:363,0
DA:368,27
DA:370,27
DA:374,4
DA:376,0
DA:380,4
DA:387,27
DA:389,27
DA:391,27
DA:398,142
DA:403,4
DA:407,12
DA:411,0
DA:416,0
DA:421,0
DA:427,27
DA:429,27
DA:430,27
DA:431,27
DA:432,15
DA:436,27
DA:439,27
DA:441,27
DA:442,21
DA:443,23
DA:444,23
DA:445,23
DA:449,27
DA:450,22
DA:453,14
DA:454,13
DA:455,13
DA:462,27
DA:464,5
DA:467,5
DA:468,5
DA:469,13
DA:470,5
DA:473,5
DA:474,18
DA:475,8
DA:476,5
DA:477,6
DA:478,3
DA:479,3
DA:483,8
DA:484,6
DA:485,10
DA:486,6
DA:487,6
DA:494,27
DA:499,0
DA:501,0
DA:502,0
DA:503,0
DA:504,0
DA:507,0
DA:509,0
DA:510,0
DA:511,0
DA:514,0
DA:516,0
DA:518,0
DA:519,0
DA:524,0
DA:526,0
DA:528,0
DA:529,0
DA:533,0
DA:536,0
DA:541,0
DA:543,0
DA:544,0
DA:546,0
DA:548,0
DA:549,0
DA:552,0
DA:556,0
DA:557,0
DA:560,0
DA:561,0
DA:562,0
DA:566,0
DA:574,0
DA:575,0
DA:577,0
DA:578,0
DA:579,0
DA:582,0
DA:596,0
DA:601,0
DA:602,0
DA:603,0
DA:606,0
DA:608,0
DA:611,0
DA:612,0
DA:613,0
DA:614,0
DA:617,0
DA:619,0
DA:622,0
DA:627,0
DA:628,0
DA:629,0
DA:633,0
DA:636,0
DA:637,0
DA:639,0
DA:642,0
DA:643,0
DA:647,0
DA:655,0
DA:656,0
DA:667,0
DA:669,0
DA:671,0
DA:672,0
DA:673,0
DA:675,0
DA:676,0
DA:677,0
DA:678,0
DA:679,0
DA:680,0
DA:682,0
DA:686,0
DA:687,0
DA:688,0
DA:689,0
DA:690,0
DA:691,0
DA:692,0
DA:693,0
DA:695,0
DA:702,0
DA:704,0
DA:705,0
DA:706,0
DA:707,0
DA:708,0
DA:709,0
DA:710,0
DA:712,0
DA:713,0
DA:714,0
DA:715,0
DA:716,0
DA:720,0
DA:722,0
DA:723,0
DA:724,0
DA:725,0
DA:726,0
DA:727,0
DA:728,0
DA:733,0
DA:741,0
DA:742,0
DA:744,0
DA:745,0
DA:746,0
DA:749,0
DA:760,0
DA:761,0
DA:762,0
DA:764,0
DA:779,0
DA:780,0
DA:781,0
DA:782,0
DA:784,0
DA:785,0
DA:787,0
DA:788,0
DA:789,0
DA:790,0
DA:791,0
DA:792,0
DA:793,0
DA:794,0
DA:807,0
DA:808,0
DA:809,0
DA:810,0
DA:811,0
DA:813,0
DA:814,0
DA:815,0
DA:823,3
DA:824,3
DA:825,15
DA:826,5
DA:829,3
DA:835,3
DA:836,3
DA:837,15
DA:838,8
DA:841,3
DA:847,2
DA:853,2
DA:859,0
DA:860,0
DA:861,0
DA:862,0
DA:863,0
DA:866,0
DA:872,0
DA:873,0
DA:874,0
DA:875,0
DA:876,0
DA:879,0
DA:889,0
DA:891,0
DA:892,0
DA:893,0
DA:894,0
DA:897,0
DA:899,0
DA:901,0
DA:902,0
DA:905,0
DA:906,0
DA:907,0
DA:911,0
DA:912,0
DA:913,0
DA:917,0
DA:923,0
DA:925,0
DA:932,4
DA:938,0
DA:939,0
DA:946,5
DA:947,5
DA:949,5
DA:951,5
DA:952,0
DA:959,0
DA:961,0
DA:962,0
DA:967,0
DA:968,0
DA:976,7
DA:983,24
DA:984,76
DA:985,52
DA:986,30
DA:988,22
DA:996,0
DA:997,0
DA:1000,0
DA:1005,3
DA:1012,8
DA:1013,8
DA:1014,6
DA:1015,6
DA:1016,6
DA:1019,8
DA:1024,82
DA:1025,82
DA:1027,82
DA:1032,82
DA:1033,82
DA:1035,82
DA:1039,0
DA:1040,0
DA:1042,0
DA:1043,0
DA:1049,1
end_of_record
SF:/src/joint.dia.paper.js
DA:2,1
DA:33,0
DA:95,0
DA:101,0
DA:113,0
DA:169,0
DA:171,0
DA:173,0
DA:174,0
DA:175,0
DA:176,0
DA:178,0
DA:184,0
DA:189,0
DA:191,0
DA:193,0
DA:198,0
DA:203,0
DA:204,0
DA:206,0
DA:214,0
DA:215,0
DA:219,0
DA:224,0
DA:226,0
DA:227,0
DA:228,0
DA:231,0
DA:233,0
DA:234,0
DA:235,0
DA:238,0
DA:239,0
DA:240,0
DA:243,0
DA:245,0
DA:250,0
DA:251,0
DA:254,0
DA:255,0
DA:267,0
DA:270,0
DA:272,0
DA:274,0
DA:277,0
DA:280,0
DA:281,0
DA:282,0
DA:287,0
DA:291,0
DA:292,0
DA:293,0
DA:294,0
DA:296,0
DA:301,0
DA:305,0
DA:306,0
DA:311,0
DA:312,0
DA:313,0
DA:320,0
DA:321,0
DA:326,0
DA:327,0
DA:329,0
DA:334,0
DA:339,0
DA:348,0
DA:350,0
DA:351,0
DA:352,0
DA:353,0
DA:357,0
DA:358,0
DA:359,0
DA:360,0
DA:363,0
DA:366,0
DA:368,0
DA:369,0
DA:371,0
DA:372,0
DA:373,0
DA:374,0
DA:376,0
DA:377,0
DA:379,0
DA:380,0
DA:382,0
DA:383,0
DA:384,0
DA:385,0
DA:388,0
DA:389,0
DA:390,0
DA:391,0
DA:394,0
DA:395,0
DA:398,0
DA:399,0
DA:402,0
DA:403,0
DA:405,0
DA:406,0
DA:409,0
DA:410,0
DA:412,0
DA:413,0
DA:419,0
DA:421,0
DA:423,0
DA:425,0
DA:438,0
DA:440,0
DA:441,0
DA:442,0
DA:443,0
DA:445,0
DA:446,0
DA:447,0
DA:449,0
DA:450,0
DA:458,0
DA:465,0
DA:467,0
DA:468,0
DA:470,0
DA:471,0
DA:475,0
DA:477,0
DA:479,0
DA:480,0
DA:484,0
DA:485,0
DA:487,0
DA:489,0
DA:491,0
DA:492,0
DA:494,0
DA:499,0
DA:503,0
DA:506,0
DA:508,0
DA:521,0
DA:531,0
DA:533,0
DA:535,0
DA:536,0
DA:538,0
DA:541,0
DA:544,0
DA:550,0
DA:553,0
DA:557,0
DA:558,0
DA:559,0
DA:561,0
DA:562,0
DA:563,0
DA:565,0
DA:566,0
DA:576,0
DA:580,0
DA:588,0
DA:590,0
DA:591,0
DA:593,0
DA:595,0
DA:597,0
DA:598,0
DA:603,0
DA:609,0
DA:611,0
DA:612,0
DA:613,0
DA:616,0
DA:621,0
DA:623,0
DA:624,0
DA:625,0
DA:629,0
DA:631,0
DA:638,0
DA:640,0
DA:645,0
DA:651,0
DA:653,0
DA:656,0
DA:658,0
DA:660,0
DA:662,0
DA:667,0
DA:668,0
DA:673,0
DA:678,0
DA:679,0
DA:680,0
DA:686,0
DA:688,0
DA:695,0
DA:697,0
DA:698,0
DA:700,0
DA:705,0
DA:709,0
DA:712,0
DA:715,0
DA:716,0
DA:717,0
DA:722,0
DA:723,0
DA:733,0
DA:734,0
DA:736,0
DA:738,0
DA:739,0
DA:741,0
DA:748,0
DA:749,0
DA:753,0
DA:754,0
DA:756,0
DA:757,0
DA:758,0
DA:761,0
DA:763,0
DA:764,0
DA:765,0
DA:766,0
DA:769,0
DA:770,0
DA:771,0
DA:773,0
DA:775,0
DA:777,0
DA:784,0
DA:785,0
DA:793,0
DA:794,0
DA:795,0
DA:796,0
DA:799,0
DA:800,0
DA:802,0
DA:808,0
DA:809,0
DA:814,0
DA:815,0
DA:816,0
DA:818,0
DA:820,0
DA:821,0
DA:822,0
DA:823,0
DA:825,0
DA:827,0
DA:828,0
DA:831,0
DA:838,0
DA:842,0
DA:844,0
DA:845,0
DA:847,0
DA:850,0
DA:856,0
DA:858,0
DA:864,0
DA:866,0
DA:868,0
DA:869,0
DA:876,0
DA:877,0
DA:879,0
DA:880,0
DA:882,0
DA:883,0
DA:889,0
DA:896,0
DA:901,0
DA:902,0
DA:903,0
DA:908,0
DA:909,0
DA:910,0
DA:915,0
DA:916,0
DA:917,0
DA:922,0
DA:923,0
DA:924,0
DA:929,0
DA:930,0
DA:931,0
DA:936,0
DA:937,0
DA:938,0
DA:947,0
DA:948,0
DA:949,0
DA:954,0
DA:955,0
DA:956,0
DA:960,0
DA:964,0
DA:968,0
DA:969,0
DA:970,0
DA:974,0
DA:975,0
DA:976,0
DA:977,0
DA:978,0
DA:982,0
DA:983,0
DA:987,0
DA:992,0
DA:994,0
DA:995,0
DA:996,0
DA:997,0
DA:999,0
DA:1002,0
DA:1006,0
DA:1007,0
DA:1009,0
DA:1011,0
DA:1013,0
DA:1015,0
DA:1020,0
DA:1022,0
DA:1023,0
DA:1025,0
DA:1032,0
DA:1033,0
DA:1039,0
DA:1047,0
DA:1050,0
DA:1055,0
DA:1066,0
DA:1067,0
DA:1068,0
DA:1079,0
DA:1082,0
DA:1086,0
DA:1092,0
DA:1095,0
DA:1096,0
DA:1101,0
DA:1102,0
DA:1105,0
DA:1106,0
DA:1108,0
DA:1109,0
DA:1111,0
DA:1112,0
DA:1115,0
DA:1124,0
DA:1125,0
DA:1126,0
DA:1127,0
DA:1130,0
DA:1131,0
DA:1133,0
DA:1134,0
DA:1136,0
DA:1147,0
DA:1148,0
DA:1150,0
DA:1151,0
DA:1152,0
DA:1155,0
DA:1157,0
DA:1166,0
DA:1167,0
DA:1169,0
DA:1170,0
DA:1172,0
DA:1174,0
DA:1176,0
DA:1180,0
DA:1187,0
DA:1189,0
DA:1191,0
DA:1192,0
DA:1194,0
DA:1196,0
DA:1198,0
DA:1202,0
DA:1211,0
DA:1212,0
DA:1215,0
DA:1216,0
DA:1219,0
DA:1220,0
DA:1223,0
DA:1224,0
DA:1227,0
DA:1232,0
DA:1234,0
DA:1235,0
DA:1238,0
DA:1239,0
DA:1241,0
DA:1243,0
DA:1245,0
DA:1249,0
DA:1255,0
DA:1257,0
DA:1259,0
DA:1260,0
DA:1262,0
DA:1264,0
DA:1266,0
DA:1268,0
DA:1270,0
DA:1272,0
DA:1276,0
DA:1277,0
DA:1280,0
DA:1286,0
DA:1287,0
DA:1289,0
DA:1292,0
DA:1293,0
DA:1295,0
DA:1297,0
DA:1298,0
DA:1305,0
DA:1307,0
DA:1309,0
DA:1311,0
DA:1313,0
DA:1316,0
DA:1320,0
DA:1326,0
DA:1327,0
DA:1328,0
DA:1330,0
DA:1331,0
DA:1332,0
DA:1334,0
DA:1336,0
DA:1340,0
DA:1346,0
DA:1347,0
DA:1348,0
DA:1349,0
DA:1350,0
DA:1356,0
DA:1357,0
DA:1358,0
DA:1359,0
DA:1360,0
DA:1366,0
DA:1367,0
DA:1368,0
DA:1369,0
DA:1375,0
DA:1376,0
DA:1377,0
DA:1378,0
DA:1384,0
DA:1386,0
DA:1387,0
DA:1390,0
DA:1395,0
DA:1396,0
DA:1398,0
DA:1403,0
DA:1405,0
DA:1409,0
DA:1410,0
DA:1411,0
DA:1414,0
DA:1417,0
DA:1422,0
DA:1427,0
DA:1429,0
DA:1430,0
DA:1432,0
DA:1433,0
DA:1434,0
DA:1436,0
DA:1441,0
DA:1442,0
DA:1443,0
DA:1444,0
DA:1448,0
DA:1449,0
DA:1450,0
DA:1452,0
DA:1453,0
DA:1456,0
DA:1457,0
DA:1458,0
DA:1461,0
DA:1463,0
DA:1464,0
DA:1465,0
DA:1466,0
DA:1469,0
DA:1472,0
DA:1477,0
DA:1478,0
DA:1479,0
DA:1482,0
DA:1484,0
DA:1485,0
DA:1487,0
DA:1489,0
DA:1490,0
DA:1497,0
DA:1498,0
DA:1500,0
DA:1501,0
DA:1504,0
DA:1506,0
DA:1507,0
DA:1510,0
DA:1511,0
DA:1513,0
DA:1514,0
DA:1516,0
DA:1524,0
DA:1525,0
DA:1527,0
DA:1529,0
DA:1534,0
DA:1536,0
DA:1537,0
DA:1539,0
DA:1540,0
DA:1543,0
DA:1544,0
DA:1545,0
DA:1546,0
DA:1550,0
DA:1551,0
DA:1552,0
DA:1555,0
DA:1564,0
DA:1565,0
DA:1566,0
DA:1569,0
DA:1571,0
DA:1572,0
DA:1573,0
DA:1574,0
DA:1575,0
DA:1576,0
DA:1578,0
DA:1580,0
DA:1581,0
DA:1582,0
DA:1583,0
DA:1584,0
DA:1587,0
DA:1588,0
DA:1589,0
DA:1591,0
DA:1592,0
DA:1593,0
DA:1595,0
DA:1603,0
DA:1604,0
DA:1606,0
DA:1613,0
DA:1619,0
DA:1624,0
DA:1629,0
DA:1631,0
DA:1633,0
DA:1634,0
DA:1635,0
DA:1636,0
DA:1637,0
DA:1639,0
DA:1640,0
DA:1643,0
DA:1648,0
DA:1650,0
DA:1656,0
DA:1661,0
DA:1662,0
DA:1665,0
DA:1666,0
DA:1669,0
DA:1670,0
DA:1675,0
DA:1677,0
DA:1678,0
DA:1679,0
DA:1680,0
DA:1685,0
DA:1695,0
DA:1698,0
DA:1703,0
DA:1704,0
DA:1707,0
DA:1708,0
DA:1709,0
DA:1712,0
DA:1713,0
DA:1718,0
DA:1720,0
DA:1721,0
DA:1722,0
DA:1729,0
DA:1735,0
DA:1737,0
DA:1740,0
DA:1745,0
DA:1746,0
DA:1749,0
DA:1753,0
DA:1754,0
DA:1757,0
DA:1759,0
DA:1760,0
DA:1769,0
DA:1772,0
DA:1783,0
DA:1784,0
DA:1785,0
DA:1787,0
DA:1788,0
DA:1790,0
DA:1792,0
DA:1794,0
DA:1795,0
DA:1797,0
DA:1798,0
DA:1800,0
DA:1801,0
DA:1803,0
DA:1810,0
DA:1811,0
DA:1812,0
DA:1814,0
DA:1815,0
DA:1817,0
DA:1819,0
DA:1821,0
DA:1822,0
DA:1823,0
DA:1825,0
DA:1832,0
DA:1833,0
DA:1834,0
DA:1836,0
DA:1837,0
DA:1839,0
DA:1841,0
DA:1843,0
DA:1844,0
DA:1845,0
DA:1847,0
DA:1854,0
DA:1856,0
DA:1857,0
DA:1859,0
DA:1860,0
DA:1861,0
DA:1863,0
DA:1864,0
DA:1865,0
DA:1866,0
DA:1867,0
DA:1869,0
DA:1870,0
DA:1871,0
DA:1873,0
DA:1874,0
DA:1875,0
DA:1880,0
DA:1890,0
DA:1902,0
DA:1903,0
DA:1912,0
DA:1913,0
DA:1914,0
DA:1915,0
DA:1917,0
DA:1918,0
DA:1920,0
DA:1923,0
DA:1932,0
DA:1933,0
DA:1934,0
DA:1935,0
DA:1937,0
DA:1938,0
DA:1940,0
DA:1943,0
DA:1952,0
DA:1953,0
DA:1954,0
DA:1955,0
DA:1957,0
DA:1958,0
DA:1960,0
DA:1963,0
end_of_record
SF:/plugins/routers/joint.routers.manhattan.js
DA:1,1
DA:3,1
DA:5,1
DA:43,0
DA:45,0
DA:56,0
DA:58,0
DA:69,0
DA:89,0
DA:99,1
DA:101,0
DA:102,0
DA:104,0
DA:107,1
DA:109,0
DA:113,0
DA:114,0
DA:115,0
DA:116,0
DA:117,0
DA:118,0
DA:121,0
DA:125,0
DA:127,0
DA:128,0
DA:129,0
DA:132,0
DA:133,0
DA:134,0
DA:142,0
DA:144,0
DA:146,0
DA:147,0
DA:148,0
DA:150,0
DA:151,0
DA:152,0
DA:154,0
DA:155,0
DA:157,0
DA:158,0
DA:159,0
DA:160,0
DA:161,0
DA:165,0
DA:168,0
DA:171,1
DA:173,0
DA:175,0
DA:176,0
DA:182,1
DA:183,0
DA:184,0
DA:185,0
DA:186,0
DA:187,0
DA:190,1
DA:192,0
DA:194,0
DA:196,0
DA:199,0
DA:201,0
DA:202,0
DA:205,0
DA:208,1
DA:209,0
DA:212,1
DA:213,0
DA:216,1
DA:217,0
DA:220,1
DA:221,0
DA:224,1
DA:225,0
DA:226,0
DA:227,0
DA:230,1
DA:231,0
DA:238,1
DA:240,0
DA:241,0
DA:242,0
DA:243,0
DA:245,0
DA:247,0
DA:249,0
DA:251,0
DA:252,0
DA:255,0
DA:258,0
DA:259,0
DA:260,0
DA:263,0
DA:267,1
DA:269,0
DA:270,0
DA:271,0
DA:272,0
DA:273,0
DA:275,0
DA:277,0
DA:279,0
DA:280,0
DA:282,0
DA:284,0
DA:286,0
DA:289,0
DA:291,0
DA:297,1
DA:299,0
DA:300,0
DA:303,1
DA:305,0
DA:306,0
DA:310,1
DA:312,0
DA:314,0
DA:315,0
DA:316,0
DA:319,0
DA:323,1
DA:325,0
DA:326,0
DA:327,0
DA:330,0
DA:331,0
DA:332,0
DA:334,0
DA:335,0
DA:339,0
DA:340,0
DA:341,0
DA:343,0
DA:344,0
DA:348,0
DA:349,0
DA:353,0
DA:356,0
DA:358,0
DA:360,0
DA:362,0
DA:363,0
DA:365,0
DA:366,0
DA:367,0
DA:371,0
DA:372,0
DA:373,0
DA:374,0
DA:375,0
DA:378,0
DA:381,0
DA:382,0
DA:383,0
DA:384,0
DA:385,0
DA:390,0
DA:392,0
DA:393,0
DA:394,0
DA:395,0
DA:400,0
DA:402,0
DA:403,0
DA:407,0
DA:408,0
DA:411,0
DA:412,0
DA:414,0
DA:415,0
DA:419,0
DA:421,0
DA:424,0
DA:425,0
DA:426,0
DA:430,0
DA:436,0
DA:440,1
DA:442,0
DA:443,0
DA:444,0
DA:446,0
DA:448,0
DA:449,0
DA:451,0
DA:456,1
DA:458,0
DA:461,0
DA:464,0
DA:465,0
DA:468,0
DA:469,0
DA:470,0
DA:471,0
DA:475,0
DA:477,0
DA:479,0
DA:480,0
DA:482,0
DA:484,0
DA:488,0
DA:490,0
DA:492,0
DA:493,0
DA:498,0
DA:500,0
DA:503,0
DA:504,0
DA:506,0
DA:509,0
DA:511,0
DA:513,0
DA:516,0
DA:518,0
DA:521,0
DA:525,1
DA:527,0
end_of_record
SF:/plugins/routers/joint.routers.metro.js
DA:1,1
DA:3,1
DA:5,0
DA:8,1
DA:16,0
DA:17,0
DA:19,0
DA:37,0
DA:39,0
DA:40,0
DA:42,0
DA:43,0
DA:44,0
DA:45,0
DA:48,0
DA:50,0
DA:52,0
DA:54,0
DA:56,0
DA:58,0
DA:60,0
DA:65,1
DA:67,0
end_of_record
SF:/plugins/routers/joint.routers.normal.js
DA:3,1
DA:5,0
end_of_record
SF:/plugins/routers/joint.routers.oneSide.js
DA:7,1
DA:9,0
DA:10,0
DA:14,0
DA:15,0
DA:16,0
DA:17,0
DA:19,0
DA:21,0
DA:23,0
DA:24,0
DA:25,0
DA:26,0
DA:28,0
DA:29,0
DA:30,0
DA:31,0
DA:33,0
DA:34,0
DA:35,0
DA:36,0
DA:38,0
DA:39,0
DA:40,0
DA:41,0
DA:43,0
DA:47,0
DA:48,0
DA:51,0
DA:52,0
DA:54,0
DA:57,0
end_of_record
SF:/plugins/routers/joint.routers.orthogonal.js
DA:1,1
DA:4,1
DA:12,1
DA:22,1
DA:23,0
DA:24,0
DA:25,0
DA:29,1
DA:30,0
DA:34,1
DA:35,0
DA:39,1
DA:40,0
DA:44,1
DA:46,0
DA:47,0
DA:48,0
DA:49,0
DA:51,0
DA:56,1
DA:58,0
DA:59,0
DA:62,0
DA:67,1
DA:69,0
DA:70,0
DA:71,0
DA:72,0
DA:73,0
DA:75,0
DA:77,0
DA:80,1
DA:82,0
DA:84,0
DA:87,1
DA:89,0
DA:91,0
DA:92,0
DA:93,0
DA:95,0
DA:97,0
DA:100,0
DA:101,0
DA:103,0
DA:104,0
DA:113,0
DA:115,0
DA:116,0
DA:118,0
DA:119,0
DA:122,0
DA:125,1
DA:127,0
DA:128,0
DA:130,0
DA:132,0
DA:133,0
DA:135,0
DA:137,0
DA:138,0
DA:139,0
DA:141,0
DA:142,0
DA:144,0
DA:145,0
DA:149,0
DA:155,1
DA:157,0
DA:158,0
DA:161,0
DA:162,0
DA:163,0
DA:165,0
DA:167,0
DA:170,0
DA:171,0
DA:173,0
DA:176,0
DA:178,0
DA:179,0
DA:180,0
DA:181,0
DA:182,0
DA:184,0
DA:187,0
DA:189,0
DA:196,1
DA:198,0
DA:200,0
DA:201,0
DA:202,0
DA:204,0
DA:205,0
DA:206,0
DA:208,0
DA:210,0
DA:212,0
DA:213,0
DA:214,0
DA:215,0
DA:217,0
DA:219,0
DA:223,0
DA:224,0
DA:225,0
DA:226,0
DA:231,0
DA:232,0
DA:233,0
DA:234,0
DA:238,0
DA:240,0
DA:242,0
DA:243,0
DA:244,0
DA:245,0
DA:248,0
DA:249,0
DA:252,0
DA:253,0
DA:254,0
DA:257,0
DA:260,0
DA:261,0
DA:265,0
DA:268,1
end_of_record
SF:/plugins/connectors/joint.connectors.jumpover.js
DA:1,1
DA:4,1
DA:7,1
DA:10,1
DA:13,1
DA:22,1
DA:24,0
DA:25,0
DA:27,0
DA:28,0
DA:29,0
DA:31,0
DA:35,1
DA:36,0
DA:39,0
DA:40,0
DA:41,0
DA:42,0
DA:43,0
DA:48,0
DA:49,0
DA:53,0
DA:54,0
DA:64,1
DA:65,0
DA:66,0
DA:67,0
DA:78,1
DA:79,0
DA:80,0
DA:90,1
DA:91,0
DA:101,1
DA:102,0
DA:105,0
DA:106,0
DA:110,0
DA:113,0
DA:114,0
DA:117,0
DA:118,0
DA:119,0
DA:120,0
DA:123,0
DA:124,0
DA:129,0
DA:131,0
DA:132,0
DA:133,0
DA:137,0
DA:138,0
DA:140,0
DA:141,0
DA:145,0
DA:147,0
DA:149,0
DA:154,0
DA:164,1
DA:166,0
DA:169,0
DA:170,0
DA:171,0
DA:172,0
DA:173,0
DA:175,0
DA:177,0
DA:178,0
DA:179,0
DA:180,0
DA:181,0
DA:182,0
DA:183,0
DA:184,0
DA:186,0
DA:187,0
DA:189,0
DA:190,0
DA:192,0
DA:195,0
DA:198,0
DA:210,1
DA:212,0
DA:214,0
DA:215,0
DA:216,0
DA:219,0
DA:220,0
DA:223,0
DA:224,0
DA:225,0
DA:228,0
DA:229,0
DA:235,0
DA:236,0
DA:237,0
DA:240,0
DA:242,0
DA:245,0
DA:246,0
DA:250,0
DA:251,0
DA:253,0
DA:257,0
DA:258,0
DA:262,0
DA:269,0
DA:270,0
DA:271,0
DA:273,0
DA:274,0
DA:276,0
DA:285,0
DA:288,0
DA:290,0
DA:291,0
DA:293,0
DA:296,0
DA:298,0
DA:301,0
DA:303,0
DA:306,0
end_of_record
SF:/plugins/connectors/joint.connectors.normal.js
DA:1,1
DA:4,0
DA:6,0
DA:8,0
DA:11,0
DA:13,0
end_of_record
SF:/plugins/connectors/joint.connectors.rounded.js
DA:1,1
DA:3,0
DA:5,0
DA:7,0
DA:10,0
DA:12,0
DA:15,0
DA:16,0
DA:19,0
DA:20,0
DA:23,0
DA:24,0
DA:26,0
DA:29,0
DA:31,0
end_of_record
SF:/plugins/connectors/joint.connectors.smooth.js
DA:1,1
DA:3,0
DA:5,0
DA:7,0
DA:14,0
DA:16,0
DA:23,0
end_of_record
SF:/plugins/layout/DirectedGraph/joint.layout.DirectedGraph.js
DA:1,1
DA:3,0
DA:4,0
DA:9,1
DA:10,1
DA:12,1
DA:17,0
DA:22,0
DA:23,0
DA:41,0
DA:46,0
DA:47,0
DA:49,0
DA:50,0
DA:52,0
DA:61,0
DA:62,0
DA:63,0
DA:66,0
DA:67,0
DA:68,0
DA:73,0
DA:77,0
DA:78,0
DA:79,0
DA:80,0
DA:84,0
DA:85,0
DA:86,0
DA:87,0
DA:88,0
DA:100,0
DA:102,0
DA:103,0
DA:106,0
DA:110,0
DA:112,0
DA:120,0
DA:131,0
DA:135,0
DA:136,0
DA:137,0
DA:141,0
DA:143,0
DA:145,0
DA:147,0
DA:149,0
DA:152,0
DA:154,0
DA:156,0
DA:159,0
DA:162,0
DA:165,0
DA:168,0
DA:173,0
DA:180,0
DA:181,0
DA:183,0
DA:188,0
DA:191,0
DA:193,0
DA:203,0
DA:205,0
DA:206,0
DA:207,0
DA:210,0
DA:211,0
DA:215,0
DA:216,0
DA:219,0
DA:225,0
DA:227,0
DA:228,0
DA:229,0
DA:230,0
DA:231,0
DA:233,0
DA:235,0
DA:237,0
DA:238,0
DA:241,0
DA:245,0
DA:249,0
DA:252,0
DA:253,0
DA:258,0
DA:262,1
DA:264,0
DA:267,1
DA:269,0
end_of_record
SF:/plugins/highlighters/joint.highlighters.addClass.js
DA:1,1
DA:12,0
DA:13,0
DA:14,0
DA:24,0
DA:25,0
DA:26,0
end_of_record
SF:/plugins/highlighters/joint.highlighters.opacity.js
DA:1,1
DA:9,0
DA:18,0
end_of_record
SF:/plugins/highlighters/joint.highlighters.stroke.js
DA:1,1
DA:17,0
DA:21,0
DA:22,0
DA:23,0
DA:34,0
DA:37,0
DA:39,0
DA:41,0
DA:42,0
DA:44,0
DA:46,0
DA:52,0
DA:53,0
DA:56,0
DA:63,0
DA:66,0
DA:67,0
DA:69,0
DA:71,0
DA:72,0
DA:74,0
DA:76,0
DA:77,0
DA:78,0
DA:79,0
DA:81,0
DA:90,0
DA:93,0
DA:96,0
DA:103,0
DA:104,0
DA:105,0
DA:106,0
DA:108,0
DA:118,0
end_of_record
SF:/plugins/shapes/joint.shapes.basic.js
DA:1,1
DA:7,1
DA:30,1
DA:33,0
DA:36,0
DA:40,0
DA:51,0
DA:76,0
DA:102,0
DA:124,0
DA:146,0
DA:163,0
DA:186,0
DA:227,0
DA:231,0
DA:232,0
DA:235,0
DA:240,0
DA:242,0
DA:243,0
DA:249,0
DA:251,0
DA:253,0
DA:254,0
DA:255,0
DA:256,0
DA:259,0
DA:260,0
DA:261,0
DA:262,0
DA:268,0
DA:270,0
DA:272,0
DA:277,0
DA:278,0
DA:280,0
DA:281,0
DA:282,0
DA:284,0
DA:287,0
DA:291,0
DA:296,0
DA:298,0
DA:305,0
DA:306,0
DA:311,0
DA:312,0
DA:314,0
DA:316,0
DA:317,0
DA:318,0
DA:321,0
DA:324,0
DA:325,0
DA:328,0
DA:333,0
DA:367,0
DA:368,0
DA:369,0
DA:370,0
DA:371,0
DA:378,0
DA:388,0
DA:391,0
DA:401,0
DA:412,0
DA:418,0
DA:424,0
DA:428,0
DA:431,0
DA:433,0
DA:435,0
DA:437,0
DA:444,0
DA:446,0
DA:449,0
DA:450,0
DA:452,0
DA:454,0
DA:459,0
DA:466,0
DA:468,0
DA:472,0
DA:478,0
DA:481,0
DA:484,0
end_of_record
SF:/plugins/shapes/joint.shapes.chess.js
DA:1,1
DA:7,1
DA:13,1
DA:19,1
DA:25,1
DA:31,1
DA:37,1
DA:43,1
DA:49,1
DA:55,1
DA:61,1
DA:67,1
end_of_record
SF:/plugins/shapes/joint.shapes.devs.js
DA:4,1
DA:88,4
DA:90,4
DA:91,4
DA:97,4
DA:98,4
DA:100,4
DA:101,4
DA:103,4
DA:108,14
DA:121,8
DA:126,0
DA:127,0
DA:132,0
DA:137,0
DA:142,0
DA:147,0
DA:152,0
DA:157,0
DA:162,0
DA:167,0
DA:171,1
DA:183,1
DA:195,1
end_of_record
SF:/plugins/shapes/joint.shapes.erd.js
DA:1,1
DA:25,1
DA:32,1
DA:55,1
DA:62,1
DA:88,1
DA:95,1
DA:102,1
DA:109,1
DA:113,1
DA:131,1
DA:133,0
end_of_record
SF:/plugins/shapes/joint.shapes.fsa.js
DA:1,1
DA:8,0
DA:21,0
DA:41,0
end_of_record
SF:/plugins/shapes/joint.shapes.logic.js
DA:1,1
DA:10,0
DA:14,1
DA:33,1
DA:41,1
DA:49,1
DA:58,1
DA:68,1
DA:72,0
DA:76,1
DA:80,0
DA:84,1
DA:88,0
DA:92,1
DA:97,0
DA:101,1
DA:105,0
DA:109,1
DA:113,0
DA:117,1
DA:121,0
DA:125,1
DA:129,0
DA:133,1
end_of_record
SF:/plugins/shapes/joint.shapes.org.js
DA:1,1
DA:34,1
end_of_record
SF:/plugins/shapes/joint.shapes.pn.js
DA:1,1
DA:41,1
DA:45,0
DA:47,0
DA:49,0
DA:50,0
DA:57,0
DA:59,0
DA:60,0
DA:65,0
DA:66,0
DA:68,0
DA:70,0
DA:72,0
DA:75,0
DA:76,0
DA:77,0
DA:80,0
DA:81,0
DA:82,0
DA:85,0
DA:86,0
DA:87,0
DA:90,0
DA:91,0
DA:92,0
DA:97,0
DA:119,0
end_of_record
SF:/plugins/shapes/joint.shapes.uml.js
DA:1,1
DA:45,0
DA:46,0
DA:47,0
DA:50,0
DA:52,0
DA:56,0
DA:61,0
DA:63,0
DA:69,0
DA:71,0
DA:73,0
DA:74,0
DA:76,0
DA:77,0
DA:78,0
DA:80,0
DA:86,1
DA:90,0
DA:92,0
DA:93,0
DA:94,0
DA:99,0
DA:108,0
DA:112,0
DA:114,0
DA:122,0
DA:125,0
DA:127,0
DA:131,0
DA:138,0
DA:142,0
DA:146,0
DA:150,0
DA:186,0
DA:192,0
DA:193,0
DA:194,0
DA:196,0
DA:201,0
DA:206,0
DA:211,0
DA:216,0
DA:220,0
DA:225,0
DA:245,0
end_of_record
